<?xml version="1.0" encoding="UTF-8"?>
<testsuite xmlns:xsi="http://www.w3.org/2001/XMLSchema-instance" xsi:noNamespaceSchemaLocation="https://maven.apache.org/surefire/maven-surefire-plugin/xsd/surefire-test-report.xsd" name="arp.endes.AppTest" time="0.037" tests="1" errors="0" skipped="0" failures="0">
  <properties>
    <property name="java.specification.version" value="14"/>
    <property name="sun.cpu.isalist" value="amd64"/>
    <property name="sun.jnu.encoding" value="Cp1252"/>
    <property name="java.class.path" value="C:\Users\anaro\OneDrive\Escritorio\DAW\ENDES\TEMA 4\ejercicio 2 maven\ejercicio-2-maven\Rodriguez\target\test-classes;C:\Users\anaro\OneDrive\Escritorio\DAW\ENDES\TEMA 4\ejercicio 2 maven\ejercicio-2-maven\Rodriguez\target\classes;C:\Users\anaro\.m2\repository\junit\junit\4.11\junit-4.11.jar;C:\Users\anaro\.m2\repository\org\hamcrest\hamcrest-core\1.3\hamcrest-core-1.3.jar;"/>
    <property name="java.vm.vendor" value="Oracle Corporation"/>
    <property name="sun.arch.data.model" value="64"/>
    <property name="user.variant" value=""/>
    <property name="java.vendor.url" value="https://java.oracle.com/"/>
    <property name="user.timezone" value="Europe/Madrid"/>
    <property name="os.name" value="Windows 10"/>
    <property name="java.vm.specification.version" value="14"/>
    <property name="sun.java.launcher" value="SUN_STANDARD"/>
    <property name="user.country" value="ES"/>
    <property name="sun.boot.library.path" value="C:\Program Files\jdk-14.0.2\bin"/>
    <property name="sun.java.command" value="D:\TEMP\surefire18276377548259052895\surefirebooter15151218020775831374.jar D:\TEMP\surefire18276377548259052895 2021-03-21T23-48-04_927-jvmRun1 surefire15504900967648172687tmp surefire_0598828336526386172tmp"/>
    <property name="jdk.debug" value="release"/>
    <property name="surefire.test.class.path" value="C:\Users\anaro\OneDrive\Escritorio\DAW\ENDES\TEMA 4\ejercicio 2 maven\ejercicio-2-maven\Rodriguez\target\test-classes;C:\Users\anaro\OneDrive\Escritorio\DAW\ENDES\TEMA 4\ejercicio 2 maven\ejercicio-2-maven\Rodriguez\target\classes;C:\Users\anaro\.m2\repository\junit\junit\4.11\junit-4.11.jar;C:\Users\anaro\.m2\repository\org\hamcrest\hamcrest-core\1.3\hamcrest-core-1.3.jar;"/>
    <property name="sun.cpu.endian" value="little"/>
    <property name="user.home" value="C:\Users\anaro"/>
    <property name="user.language" value="es"/>
    <property name="java.specification.vendor" value="Oracle Corporation"/>
    <property name="java.version.date" value="2020-07-14"/>
    <property name="java.home" value="C:\Program Files\jdk-14.0.2"/>
    <property name="file.separator" value="\"/>
    <property name="basedir" value="C:\Users\anaro\OneDrive\Escritorio\DAW\ENDES\TEMA 4\ejercicio 2 maven\ejercicio-2-maven\Rodriguez"/>
    <property name="java.vm.compressedOopsMode" value="32-bit"/>
    <property name="line.separator" value="&#10;"/>
    <property name="java.vm.specification.vendor" value="Oracle Corporation"/>
    <property name="java.specification.name" value="Java Platform API Specification"/>
    <property name="surefire.real.class.path" value="D:\TEMP\surefire18276377548259052895\surefirebooter15151218020775831374.jar"/>
    <property name="user.script" value=""/>
    <property name="sun.management.compiler" value="HotSpot 64-Bit Tiered Compilers"/>
    <property name="java.runtime.version" value="14.0.2+12-46"/>
    <property name="user.name" value="anaro"/>
    <property name="path.separator" value=";"/>
    <property name="os.version" value="10.0"/>
    <property name="java.runtime.name" value="OpenJDK Runtime Environment"/>
    <property name="file.encoding" value="Cp1252"/>
    <property name="java.vm.name" value="OpenJDK 64-Bit Server VM"/>
    <property name="localRepository" value="C:\Users\anaro\.m2\repository"/>
    <property name="java.vendor.url.bug" value="https://bugreport.java.com/bugreport/"/>
    <property name="java.io.tmpdir" value="D:\TEMP\"/>
    <property name="java.version" value="14.0.2"/>
    <property name="user.dir" value="C:\Users\anaro\OneDrive\Escritorio\DAW\ENDES\TEMA 4\ejercicio 2 maven\ejercicio-2-maven\Rodriguez"/>
    <property name="os.arch" value="amd64"/>
    <property name="java.vm.specification.name" value="Java Virtual Machine Specification"/>
    <property name="sun.os.patch.level" value=""/>
    <property name="java.library.path" value="C:\Program Files\jdk-14.0.2\bin;C:\Windows\Sun\Java\bin;C:\Windows\system32;C:\Windows;C:\Windows\system32;C:\Windows;C:\Windows\System32\Wbem;C:\Windows\System32\WindowsPowerShell\v1.0\;C:\Windows\System32\OpenSSH\;C:\Program Files\Git\cmd;C:\Users\anaro\AppData\Local\Microsoft\WindowsApps;C:\Program Files\apache-maven-3.6.3\bin;C:\Users\anaro\AppData\Local\Programs\Microsoft VS Code\bin;C:\Program Files\jdk-14.0.2\bin;;."/>
    <property name="java.vm.info" value="mixed mode, sharing"/>
    <property name="java.vendor" value="Oracle Corporation"/>
    <property name="java.vm.version" value="14.0.2+12-46"/>
    <property name="sun.io.unicode.encoding" value="UnicodeLittle"/>
    <property name="java.class.version" value="58.0"/>
  </properties>
  <testcase name="shouldAnswerWithTrue" classname="arp.endes.AppTest" time="0.002"/>
</testsuite>